<?xml version="1.0" encoding="UTF-8"?>
<testsuite name="CollisionTest" tests="1" skipped="0" failures="0" errors="0" timestamp="2021-11-21T15:46:44" hostname="DESKTOP-R5OEEGC" time="0.02">
  <properties/>
  <testcase name="iscollidingTest()" classname="CollisionTest" time="0.02"/>
  <system-out><![CDATA[there's collision
]]></system-out>
  <system-err><![CDATA[]]></system-err>
</testsuite>
