<?xml version="1.0" encoding="UTF-8"?>
<testsuite name="DirectionTest" tests="4" skipped="0" failures="0" errors="0" timestamp="2021-11-21T18:54:52" hostname="DESKTOP-R5OEEGC" time="0.006">
  <properties/>
  <testcase name="leftMovementTest()" classname="DirectionTest" time="0.001"/>
  <testcase name="rightMovementTest()" classname="DirectionTest" time="0.001"/>
  <testcase name="downMovementTest()" classname="DirectionTest" time="0.001"/>
  <testcase name="upMovementTest()" classname="DirectionTest" time="0.001"/>
  <system-out><![CDATA[]]></system-out>
  <system-err><![CDATA[]]></system-err>
</testsuite>
