<?xml version="1.0" encoding="UTF-8"?>
<testsuite name="DirectionTest" tests="4" skipped="0" failures="0" errors="0" timestamp="2021-11-27T19:41:11" hostname="LAPTOP-5EPNS6Q8" time="0.012">
  <properties/>
  <testcase name="leftMovementTest()" classname="DirectionTest" time="0.002"/>
  <testcase name="rightMovementTest()" classname="DirectionTest" time="0.003"/>
  <testcase name="downMovementTest()" classname="DirectionTest" time="0.002"/>
  <testcase name="upMovementTest()" classname="DirectionTest" time="0.001"/>
  <system-out><![CDATA[]]></system-out>
  <system-err><![CDATA[]]></system-err>
</testsuite>
